2024-11-17 11:31:49,489 [INFO] Activator:176 - 


2024-11-17 11:31:49,503 [INFO] Activator:177 - !SESSION log4j initialized
2024-11-17 11:32:06,154 [INFO] LogOutputStream:77 - [STDOUT_REDIRECT] 
2024-11-17 11:32:10,285 [INFO] ApplicationProperties:184 - Using Application install path: C:\ST\STM32CubeIDE_1.16.0\STM32CubeIDE\plugins\com.st.stm32cube.common.mx_6.12.0.202406281431
2024-11-17 11:32:10,323 [INFO] DbMcusXml:78 - Set database path to: C:\ST\STM32CubeIDE_1.16.0\STM32CubeIDE\plugins\com.st.stm32cube.common.mx_6.12.0.202406281431\\db\/mcu/
2024-11-17 11:32:10,323 [INFO] ApiDb:274 - Set plugin database path to: C:\ST\STM32CubeIDE_1.16.0\STM32CubeIDE\plugins\com.st.stm32cube.common.mx_6.12.0.202406281431\\db\/plugins/boardmanager/
2024-11-17 11:32:10,323 [WARN] ApiDb:259 - Overriding images path with different value:  => C:\ST\STM32CubeIDE_1.16.0\STM32CubeIDE\plugins\com.st.stm32cube.common.mx_6.12.0.202406281431\\db\/plugins/mcufinder/images/
2024-11-17 11:32:10,352 [INFO] ApiDb:250 - Set database path to: C:\Users\ganasri.s\.stmcufinder\plugins\mcufinder//mcu/
2024-11-17 11:32:10,354 [INFO] DbMcusAds:125 - Set database path to: C:\Users\ganasri.s\.stmcufinder\plugins\mcufinder//mcu/
2024-11-17 11:32:10,358 [INFO] CrossReferenceDbSqlite:203 - Set database path to: C:\Users\ganasri.s\.stmcufinder\plugins\mcufinder//mcu/cs/
2024-11-17 11:32:10,665 [INFO] RulesReader:64 - Compatibility file has been processed (297 Rules)
2024-11-17 11:32:10,935 [INFO] DbMcusXml:78 - Set database path to: C:\ST\STM32CubeIDE_1.16.0\STM32CubeIDE\plugins\com.st.stm32cube.common.mx_6.12.0.202406281431\\db\/mcu/
2024-11-17 11:32:10,935 [INFO] ApiDb:274 - Set plugin database path to: C:\ST\STM32CubeIDE_1.16.0\STM32CubeIDE\plugins\com.st.stm32cube.common.mx_6.12.0.202406281431\\db\/plugins/boardmanager/
2024-11-17 11:32:10,935 [INFO] ApiDb:261 - Set plugin images path to: C:\ST\STM32CubeIDE_1.16.0\STM32CubeIDE\plugins\com.st.stm32cube.common.mx_6.12.0.202406281431\\db\/plugins/mcufinder/images/
2024-11-17 11:32:10,936 [WARN] DbFile:41 - Overriding database path with different value: C:\Users\ganasri.s\.stmcufinder\plugins\mcufinder/ => C:\Users\ganasri.s\.stmcufinder\plugins\mcufinder
2024-11-17 11:32:10,936 [INFO] ApiDb:250 - Set database path to: C:\Users\ganasri.s\.stmcufinder\plugins\mcufinder//mcu/
2024-11-17 11:32:10,936 [WARN] DbFile:41 - Overriding database path with different value: C:\Users\ganasri.s\.stmcufinder\plugins\mcufinder/ => C:\Users\ganasri.s\.stmcufinder\plugins\mcufinder
2024-11-17 11:32:10,936 [INFO] DbMcusAds:125 - Set database path to: C:\Users\ganasri.s\.stmcufinder\plugins\mcufinder//mcu/
2024-11-17 11:32:10,936 [WARN] DbFile:41 - Overriding database path with different value: C:\Users\ganasri.s\.stmcufinder\plugins\mcufinder/ => C:\Users\ganasri.s\.stmcufinder\plugins\mcufinder
2024-11-17 11:32:10,937 [WARN] DbFile:41 - Overriding database path with different value: C:\Users\ganasri.s\.stmcufinder\plugins\mcufinder/ => C:\Users\ganasri.s\.stmcufinder\plugins\mcufinder
2024-11-17 11:32:10,937 [INFO] CrossReferenceDbSqlite:203 - Set database path to: C:\Users\ganasri.s\.stmcufinder\plugins\mcufinder//mcu/cs/
2024-11-17 11:32:11,238 [INFO] MainPanel:268 - HeapMemory: 268435456
2024-11-17 11:32:11,515 [INFO] DbMcusXml:78 - Set database path to: C:\ST\STM32CubeIDE_1.16.0\STM32CubeIDE\plugins\com.st.stm32cube.common.mx_6.12.0.202406281431\\db\/mcu/
2024-11-17 11:32:11,516 [INFO] ApiDb:274 - Set plugin database path to: C:\ST\STM32CubeIDE_1.16.0\STM32CubeIDE\plugins\com.st.stm32cube.common.mx_6.12.0.202406281431\\db\/plugins/boardmanager/
2024-11-17 11:32:11,516 [INFO] ApiDb:261 - Set plugin images path to: C:\ST\STM32CubeIDE_1.16.0\STM32CubeIDE\plugins\com.st.stm32cube.common.mx_6.12.0.202406281431\\db\/plugins/mcufinder/images/
2024-11-17 11:32:11,517 [WARN] DbFile:41 - Overriding database path with different value: C:\Users\ganasri.s\.stmcufinder\plugins\mcufinder/ => C:\Users\ganasri.s\.stmcufinder\plugins\mcufinder
2024-11-17 11:32:11,517 [INFO] ApiDb:250 - Set database path to: C:\Users\ganasri.s\.stmcufinder\plugins\mcufinder//mcu/
2024-11-17 11:32:11,518 [WARN] DbFile:41 - Overriding database path with different value: C:\Users\ganasri.s\.stmcufinder\plugins\mcufinder/ => C:\Users\ganasri.s\.stmcufinder\plugins\mcufinder
2024-11-17 11:32:11,518 [INFO] DbMcusAds:125 - Set database path to: C:\Users\ganasri.s\.stmcufinder\plugins\mcufinder//mcu/
2024-11-17 11:32:11,518 [WARN] DbFile:41 - Overriding database path with different value: C:\Users\ganasri.s\.stmcufinder\plugins\mcufinder/ => C:\Users\ganasri.s\.stmcufinder\plugins\mcufinder
2024-11-17 11:32:11,519 [WARN] DbFile:41 - Overriding database path with different value: C:\Users\ganasri.s\.stmcufinder\plugins\mcufinder/ => C:\Users\ganasri.s\.stmcufinder\plugins\mcufinder
2024-11-17 11:32:11,519 [INFO] CrossReferenceDbSqlite:203 - Set database path to: C:\Users\ganasri.s\.stmcufinder\plugins\mcufinder//mcu/cs/
2024-11-17 11:32:11,561 [INFO] ApplicationProperties:184 - Using Application install path: C:\ST\STM32CubeIDE_1.16.0\STM32CubeIDE\plugins\com.st.stm32cube.common.mx_6.12.0.202406281431
2024-11-17 11:32:11,566 [INFO] PluginManage:196 - Search for loadable plugins [exclusion list=, ]
2024-11-17 11:32:11,569 [INFO] PluginManage:310 - Check plugin analytics
2024-11-17 11:32:12,217 [INFO] AnalyticsPlugin:253 - Accepted Software Licenses: 
2024-11-17 11:32:12,217 [INFO] AnalyticsPlugin:255 - Accepted CMSIS Pack Licenses: 
2024-11-17 11:32:12,219 [INFO] AnalyticsPlugin:257 - Accepted Firmware Licenses: FW.F4.1.28.0
2024-11-17 11:32:12,225 [INFO] PluginManage:359 - Loaded plugin analytics (category:tool,tabindex:-1)
2024-11-17 11:32:12,226 [INFO] PluginManage:310 - Check plugin cadmodel
2024-11-17 11:32:12,252 [INFO] CADModel:105 - Init CAD model plugin
2024-11-17 11:32:12,252 [INFO] PluginManage:359 - Loaded plugin cadmodel (category:power,tabindex:5)
2024-11-17 11:32:12,253 [INFO] PluginManage:310 - Check plugin clock
2024-11-17 11:32:12,323 [INFO] PluginManage:359 - Loaded plugin clock (category:base,tabindex:2)
2024-11-17 11:32:12,323 [INFO] PluginManage:310 - Check plugin ddr
2024-11-17 11:32:12,335 [INFO] PluginManage:359 - Loaded plugin ddr (category:tool,tabindex:6)
2024-11-17 11:32:12,337 [INFO] PluginManage:310 - Check plugin filemanager
2024-11-17 11:32:12,805 [INFO] PluginManage:359 - Loaded plugin filemanager (category:base,tabindex:10)
2024-11-17 11:32:12,805 [INFO] PluginManage:310 - Check plugin ipmanager
2024-11-17 11:32:12,832 [INFO] PluginManage:359 - Loaded plugin ipmanager (category:base,tabindex:5)
2024-11-17 11:32:12,833 [INFO] PluginManage:310 - Check plugin lpbam
2024-11-17 11:32:12,851 [INFO] PluginManage:359 - Loaded plugin lpbam (category:base,tabindex:0)
2024-11-17 11:32:12,851 [INFO] PluginManage:310 - Check plugin memorymap
2024-11-17 11:32:12,883 [INFO] PluginManage:359 - Loaded plugin memorymap (category:base,tabindex:4)
2024-11-17 11:32:12,883 [INFO] PluginManage:310 - Check plugin pinoutandconfiguration
2024-11-17 11:32:12,905 [INFO] PluginManage:359 - Loaded plugin pinoutandconfiguration (category:base,tabindex:1)
2024-11-17 11:32:12,905 [INFO] PluginManage:310 - Check plugin pinoutconfig
2024-11-17 11:32:13,110 [WARN] SupportedApi:132 - Cannot load RTOS API schema: s4s-elt-must-match.1: The content of 'definitions' must match (annotation?, (simpleType | complexType)?, (unique | key | keyref)*)). A problem was found starting at: attribute.
2024-11-17 11:32:13,434 [INFO] PluginManage:359 - Loaded plugin pinoutconfig (category:base,tabindex:0)
2024-11-17 11:32:13,435 [INFO] PluginManage:310 - Check plugin power
2024-11-17 11:32:13,463 [INFO] PluginManage:359 - Loaded plugin power (category:power,tabindex:4)
2024-11-17 11:32:13,463 [INFO] PluginManage:310 - Check plugin projectmanager
2024-11-17 11:32:13,549 [INFO] PluginManage:359 - Loaded plugin projectmanager (category:projectmanager,tabindex:4)
2024-11-17 11:32:13,550 [INFO] PluginManage:310 - Check plugin rif
2024-11-17 11:32:13,572 [INFO] PluginManage:359 - Loaded plugin rif (category:base,tabindex:3)
2024-11-17 11:32:13,573 [INFO] PluginManage:310 - Check plugin thirdparty
2024-11-17 11:32:14,004 [INFO] PluginManage:359 - Loaded plugin thirdparty (category:base,tabindex:-1)
2024-11-17 11:32:14,004 [WARN] IntegrityCheckThread:84 - waiting for thirdparty lock release [integrity check]
2024-11-17 11:32:14,005 [INFO] PluginManage:310 - Check plugin tools
2024-11-17 11:32:14,005 [INFO] IntegrityCheckThread:86 - entering critical section [integrity check]
2024-11-17 11:32:14,006 [INFO] ThirdPartyUpdaterWithRetryManager:70 - Updater plugin not ready yet. [1/15]
2024-11-17 11:32:14,009 [INFO] PluginManage:359 - Loaded plugin tools (category:base,tabindex:7)
2024-11-17 11:32:14,010 [INFO] PluginManage:310 - Check plugin tutovideos
2024-11-17 11:32:14,433 [INFO] PluginManage:359 - Loaded plugin tutovideos (category:base,tabindex:-1)
2024-11-17 11:32:14,433 [INFO] PluginManage:310 - Check plugin updater
2024-11-17 11:32:14,476 [INFO] PluginManage:359 - Loaded plugin updater (category:base,tabindex:12)
2024-11-17 11:32:14,476 [INFO] PluginManage:310 - Check plugin userauth
2024-11-17 11:32:14,496 [INFO] UserAuth:113 - Init User Auth plugin
2024-11-17 11:32:14,497 [INFO] PluginManage:359 - Loaded plugin userauth (category:base,tabindex:14)
2024-11-17 11:32:14,497 [INFO] PluginManage:283 - PluginManage : Loaded plugins [18]
2024-11-17 11:32:15,051 [INFO] PinOutPanel:1561 - setPackage(No Configuration,No Configuration)
2024-11-17 11:32:15,318 [INFO] CADModel:165 - CPN selected for project level
2024-11-17 11:32:15,318 [INFO] CADModel:114 - Register for checkConnection events
2024-11-17 11:32:15,358 [INFO] IPUIPlugin:80 - create IPUIPlugin
2024-11-17 11:32:15,359 [INFO] PluginManager:220 - loadIPPluginJar : add adc
2024-11-17 11:32:15,371 [INFO] IPUIPlugin:80 - create IPUIPlugin
2024-11-17 11:32:15,372 [INFO] PluginManager:220 - loadIPPluginJar : add aes
2024-11-17 11:32:15,385 [INFO] IPUIPlugin:80 - create IPUIPlugin
2024-11-17 11:32:15,385 [INFO] PluginManager:220 - loadIPPluginJar : add can
2024-11-17 11:32:15,389 [INFO] IPUIPlugin:80 - create IPUIPlugin
2024-11-17 11:32:15,389 [INFO] PluginManager:220 - loadIPPluginJar : add comp
2024-11-17 11:32:15,397 [INFO] IPUIPlugin:80 - create IPUIPlugin
2024-11-17 11:32:15,397 [INFO] PluginManager:220 - loadIPPluginJar : add cryp
2024-11-17 11:32:15,404 [INFO] IPUIPlugin:80 - create IPUIPlugin
2024-11-17 11:32:15,404 [INFO] PluginManager:220 - loadIPPluginJar : add ddr_ctrl_phy
2024-11-17 11:32:15,410 [INFO] IPUIPlugin:80 - create IPUIPlugin
2024-11-17 11:32:15,410 [INFO] PluginManager:220 - loadIPPluginJar : add dfsdm
2024-11-17 11:32:15,424 [INFO] IPUIPlugin:80 - create IPUIPlugin
2024-11-17 11:32:15,425 [INFO] PluginManager:220 - loadIPPluginJar : add dma
2024-11-17 11:32:15,433 [INFO] IPUIPlugin:80 - create IPUIPlugin
2024-11-17 11:32:15,434 [INFO] PluginManager:220 - loadIPPluginJar : add dma3
2024-11-17 11:32:15,438 [INFO] IPUIPlugin:80 - create IPUIPlugin
2024-11-17 11:32:15,438 [INFO] PluginManager:220 - loadIPPluginJar : add extmemmanager
2024-11-17 11:32:15,441 [INFO] IPUIPlugin:80 - create IPUIPlugin
2024-11-17 11:32:15,441 [INFO] PluginManager:220 - loadIPPluginJar : add fatfs
2024-11-17 11:32:15,451 [INFO] IPUIPlugin:80 - create IPUIPlugin
2024-11-17 11:32:15,452 [INFO] PluginManager:220 - loadIPPluginJar : add fmc
2024-11-17 11:32:15,463 [INFO] IPUIPlugin:80 - create IPUIPlugin
2024-11-17 11:32:15,464 [INFO] PluginManager:220 - loadIPPluginJar : add freertos
2024-11-17 11:32:15,467 [INFO] IPUIPlugin:80 - create IPUIPlugin
2024-11-17 11:32:15,468 [INFO] PluginManager:220 - loadIPPluginJar : add genericplugin
2024-11-17 11:32:15,472 [INFO] IPUIPlugin:80 - create IPUIPlugin
2024-11-17 11:32:15,472 [INFO] PluginManager:220 - loadIPPluginJar : add gfxmmu
2024-11-17 11:32:15,484 [INFO] IPUIPlugin:80 - create IPUIPlugin
2024-11-17 11:32:15,485 [INFO] PluginManager:220 - loadIPPluginJar : add gic
2024-11-17 11:32:15,491 [INFO] IPUIPlugin:80 - create IPUIPlugin
2024-11-17 11:32:15,491 [INFO] PluginManager:220 - loadIPPluginJar : add gpio
2024-11-17 11:32:15,499 [INFO] IPUIPlugin:80 - create IPUIPlugin
2024-11-17 11:32:15,499 [INFO] PluginManager:220 - loadIPPluginJar : add gtzc
2024-11-17 11:32:15,505 [INFO] IPUIPlugin:80 - create IPUIPlugin
2024-11-17 11:32:15,506 [INFO] PluginManager:220 - loadIPPluginJar : add hash
2024-11-17 11:32:15,515 [INFO] IPUIPlugin:80 - create IPUIPlugin
2024-11-17 11:32:15,515 [INFO] PluginManager:220 - loadIPPluginJar : add i2c
2024-11-17 11:32:15,523 [INFO] IPUIPlugin:80 - create IPUIPlugin
2024-11-17 11:32:15,524 [INFO] PluginManager:220 - loadIPPluginJar : add i2s
2024-11-17 11:32:15,536 [INFO] IPUIPlugin:80 - create IPUIPlugin
2024-11-17 11:32:15,537 [INFO] PluginManager:220 - loadIPPluginJar : add i3c
2024-11-17 11:32:15,549 [INFO] IPUIPlugin:80 - create IPUIPlugin
2024-11-17 11:32:15,549 [INFO] PluginManager:220 - loadIPPluginJar : add ipddr
2024-11-17 11:32:15,572 [INFO] IPUIPlugin:80 - create IPUIPlugin
2024-11-17 11:32:15,572 [INFO] PluginManager:220 - loadIPPluginJar : add linkedlist
2024-11-17 11:32:15,581 [INFO] IPUIPlugin:80 - create IPUIPlugin
2024-11-17 11:32:15,581 [INFO] PluginManager:220 - loadIPPluginJar : add lorawan
2024-11-17 11:32:15,586 [INFO] IPUIPlugin:80 - create IPUIPlugin
2024-11-17 11:32:15,586 [INFO] PluginManager:220 - loadIPPluginJar : add ltdc
2024-11-17 11:32:15,598 [INFO] IPUIPlugin:80 - create IPUIPlugin
2024-11-17 11:32:15,599 [INFO] PluginManager:220 - loadIPPluginJar : add mdma
2024-11-17 11:32:15,609 [INFO] IPUIPlugin:80 - create IPUIPlugin
2024-11-17 11:32:15,610 [INFO] PluginManager:220 - loadIPPluginJar : add nvic
2024-11-17 11:32:15,620 [INFO] IPUIPlugin:80 - create IPUIPlugin
2024-11-17 11:32:15,621 [INFO] PluginManager:220 - loadIPPluginJar : add opamp
2024-11-17 11:32:15,629 [INFO] IPUIPlugin:80 - create IPUIPlugin
2024-11-17 11:32:15,630 [INFO] PluginManager:220 - loadIPPluginJar : add openamp
2024-11-17 11:32:15,636 [INFO] IPUIPlugin:80 - create IPUIPlugin
2024-11-17 11:32:15,636 [INFO] PluginManager:220 - loadIPPluginJar : add pdm2pcm
2024-11-17 11:32:15,651 [INFO] IPUIPlugin:80 - create IPUIPlugin
2024-11-17 11:32:15,656 [INFO] PluginManager:220 - loadIPPluginJar : add plateformsettings
2024-11-17 11:32:15,665 [INFO] IPUIPlugin:80 - create IPUIPlugin
2024-11-17 11:32:15,665 [INFO] PluginManager:220 - loadIPPluginJar : add quadspi
2024-11-17 11:32:15,670 [INFO] IPUIPlugin:80 - create IPUIPlugin
2024-11-17 11:32:15,671 [INFO] PluginManager:220 - loadIPPluginJar : add radio
2024-11-17 11:32:15,684 [INFO] IPUIPlugin:80 - create IPUIPlugin
2024-11-17 11:32:15,684 [INFO] PluginManager:220 - loadIPPluginJar : add resmgrutility
2024-11-17 11:32:15,692 [INFO] IPUIPlugin:80 - create IPUIPlugin
2024-11-17 11:32:15,692 [INFO] PluginManager:220 - loadIPPluginJar : add sai
2024-11-17 11:32:15,703 [INFO] IPUIPlugin:80 - create IPUIPlugin
2024-11-17 11:32:15,704 [INFO] PluginManager:220 - loadIPPluginJar : add spi
2024-11-17 11:32:15,721 [INFO] IPUIPlugin:80 - create IPUIPlugin
2024-11-17 11:32:15,722 [INFO] PluginManager:220 - loadIPPluginJar : add stm32_wpan
2024-11-17 11:32:15,728 [INFO] IPUIPlugin:80 - create IPUIPlugin
2024-11-17 11:32:15,729 [INFO] PluginManager:220 - loadIPPluginJar : add tim
2024-11-17 11:32:15,739 [INFO] IPUIPlugin:80 - create IPUIPlugin
2024-11-17 11:32:15,740 [INFO] PluginManager:220 - loadIPPluginJar : add touchsensing
2024-11-17 11:32:15,746 [INFO] IPUIPlugin:80 - create IPUIPlugin
2024-11-17 11:32:15,747 [INFO] PluginManager:220 - loadIPPluginJar : add tracer_emb
2024-11-17 11:32:15,754 [INFO] IPUIPlugin:80 - create IPUIPlugin
2024-11-17 11:32:15,754 [INFO] PluginManager:220 - loadIPPluginJar : add ts
2024-11-17 11:32:15,758 [INFO] IPUIPlugin:80 - create IPUIPlugin
2024-11-17 11:32:15,759 [INFO] PluginManager:220 - loadIPPluginJar : add tsc
2024-11-17 11:32:15,773 [INFO] IPUIPlugin:80 - create IPUIPlugin
2024-11-17 11:32:15,773 [INFO] PluginManager:220 - loadIPPluginJar : add ucpd
2024-11-17 11:32:15,784 [INFO] IPUIPlugin:80 - create IPUIPlugin
2024-11-17 11:32:15,784 [INFO] PluginManager:220 - loadIPPluginJar : add usart
2024-11-17 11:32:15,790 [INFO] IPUIPlugin:80 - create IPUIPlugin
2024-11-17 11:32:15,791 [INFO] PluginManager:220 - loadIPPluginJar : add usbx
2024-11-17 11:32:16,130 [INFO] CADModel:165 - CPN selected for project level
2024-11-17 11:32:16,130 [INFO] CADModel:114 - Register for checkConnection events
2024-11-17 11:32:16,130 [FATAL] Updater:334 - Updater called before beeing initialized
2024-11-17 11:32:16,131 [ERROR] CADModel:125 - Updater not yet initialized, retry later 
2024-11-17 11:32:16,436 [INFO] CADModel:165 - CPN selected for project level
2024-11-17 11:32:16,437 [INFO] CADModel:114 - Register for checkConnection events
2024-11-17 11:32:16,437 [FATAL] Updater:334 - Updater called before beeing initialized
2024-11-17 11:32:16,437 [ERROR] CADModel:125 - Updater not yet initialized, retry later 
2024-11-17 11:32:16,441 [FATAL] Updater:334 - Updater called before beeing initialized
2024-11-17 11:32:16,902 [FATAL] Updater:334 - Updater called before beeing initialized
2024-11-17 11:32:16,909 [INFO] DbMcusAds:53 - JSON generation date=Fri Sep 20 18:34:38 IST 2024 (1726837478367)
2024-11-17 11:32:16,910 [FATAL] Updater:334 - Updater called before beeing initialized
2024-11-17 11:32:17,007 [INFO] ThirdPartyUpdaterWithRetryManager:70 - Updater plugin not ready yet. [2/15]
2024-11-17 11:32:17,018 [WARN] DetailPanel:346 - Failed to get advertising image, set to default
2024-11-17 11:32:17,513 [FATAL] Updater:334 - Updater called before beeing initialized
2024-11-17 11:32:17,520 [FATAL] Updater:334 - Updater called before beeing initialized
2024-11-17 11:32:17,520 [FATAL] Updater:334 - Updater called before beeing initialized
2024-11-17 11:32:17,520 [WARN] DetailPanel:346 - Failed to get advertising image, set to default
2024-11-17 11:32:17,523 [FATAL] Updater:334 - Updater called before beeing initialized
2024-11-17 11:32:17,679 [ERROR] Updater:1164 - MainUpdater not yet initialized. External WinMGr cannot be set.
2024-11-17 11:32:17,684 [INFO] Updater:1100 - Updater Version found : 6.12.0
2024-11-17 11:32:17,716 [INFO] ApplicationProperties:184 - Using Application install path: C:\ST\STM32CubeIDE_1.16.0\STM32CubeIDE\plugins\com.st.stm32cube.common.mx_6.12.0.202406281431
2024-11-17 11:32:19,338 [ERROR] LogOutputStream:75 - [STDERR_REDIRECT] Nov 17, 2024 11:32:19 AM java.util.prefs.WindowsPreferences <init>
2024-11-17 11:32:19,341 [ERROR] LogOutputStream:75 - [STDERR_REDIRECT] WARNING: Could not open/create prefs root node Software\JavaSoft\Prefs at root 0xffffffff80000002. Windows RegCreateKeyEx(...) returned error code 5.
2024-11-17 11:32:19,342 [ERROR] LogOutputStream:75 - [STDERR_REDIRECT] 
2024-11-17 11:32:20,021 [FATAL] Updater:334 - Updater called before beeing initialized
2024-11-17 11:32:20,021 [ERROR] IntegrityCheckThread:130 - Cannot retrieve database content from updater: error 21
2024-11-17 11:32:20,022 [INFO] ThirdParty:978 - Integrity check success = false
2024-11-17 11:32:20,022 [INFO] IntegrityCheckThread:100 - exiting critical section [integrity check]
2024-11-17 11:32:20,022 [INFO] IntegrityCheckThread:103 - End integrity checks thread
2024-11-17 11:32:20,258 [INFO] MainUpdater:2873 - connection check result : 10
2024-11-17 11:32:20,259 [INFO] MainUpdater:3567 - Updater definition file requires update
2024-11-17 11:32:20,263 [INFO] MainUpdater:290 - Updater Check For Update Now.
2024-11-17 11:32:20,264 [INFO] MicroXplorer:498 - Change Database Version : DB.6.0.120
2024-11-17 11:32:20,275 [INFO] McuFinderGlobals:63 - Set McuFinder mode to 2 (CubeIDE integrated)
2024-11-17 11:32:20,281 [INFO] UserAuth:417 - Internet connection configuration mode: 1
2024-11-17 11:32:20,313 [INFO] JxBrowserEngine:152 - Initiate JxBrowser Engine with user profile folder
2024-11-17 11:32:20,346 [INFO] ServerAccessManage:473 - Download File updaters.zip
2024-11-17 11:32:20,622 [INFO] FileExtend:240 - Unzip File : updaters.zip
2024-11-17 11:32:20,623 [INFO] FileExtend:255 - Standard Zip Deflate
2024-11-17 11:32:22,589 [INFO] ServerAccessManage:473 - Download File PacksControlFlags.xml
2024-11-17 11:32:23,405 [INFO] ServerAccessManage:473 - Download File cubemx.pidx
2024-11-17 11:32:24,286 [INFO] ServerAccessManage:473 - Download File STMicroelectronics.FP-ATR-ASTRA1.pdsc
2024-11-17 11:32:26,036 [INFO] WebApp:167 - Instantiating new browser for Auth
2024-11-17 11:32:31,426 [INFO] WebApp:448 - Apply proxy settings
2024-11-17 11:32:31,428 [INFO] WebApp:533 - Chromium requires no authentication
2024-11-17 11:32:31,452 [INFO] WebApp:476 - Direct internet connection detected
2024-11-17 11:32:31,506 [INFO] WebApp:869 - Register for checkConnection events
2024-11-17 11:32:31,506 [INFO] WebApp:448 - Apply proxy settings
2024-11-17 11:32:31,506 [INFO] WebApp:533 - Chromium requires no authentication
2024-11-17 11:32:31,507 [INFO] WebApp:476 - Direct internet connection detected
2024-11-17 11:32:32,122 [INFO] WebApp:220 - Starting web application
2024-11-17 11:32:32,122 [INFO] WebApp:578 - Web application path used C:\ST\STM32CubeIDE_1.16.0\STM32CubeIDE\plugins\com.st.stm32cube.common.mx_6.12.0.202406281431\db\plugins\mcufinder\reactClient1\index.html
2024-11-17 11:32:32,293 [INFO] ServerAccessManage:473 - Download File quantropi.X-CUBE-qispace-sdk-base.pdsc
2024-11-17 11:32:32,360 [INFO] WebApp:186 - Connection restablished
2024-11-17 11:32:32,680 [INFO] UserAuth:417 - Internet connection configuration mode: 1
2024-11-17 11:32:33,665 [WARN] PackLoader:240 - Cannot read IP mode file for STMicroelectronics.FP-ATR-ASTRA1.2.0.1
2024-11-17 11:32:33,714 [WARN] ConditionMgr:438 - getConditionDescription Invalid condition id : Cortex-A Device cause : null
2024-11-17 11:32:33,900 [WARN] ConditionMgr:1039 - genDependencies : Invalid condition id : Cortex-A Device cause : null
2024-11-17 11:32:33,901 [WARN] ConditionMgr:1039 - genDependencies : Invalid condition id : Cortex-A Device cause : null
2024-11-17 11:32:33,901 [WARN] ConditionMgr:1039 - genDependencies : Invalid condition id : Cortex-A Device cause : null
2024-11-17 11:32:33,903 [INFO] PopulateThirdPartyThread:66 - Ending populate Thread
2024-11-17 11:32:33,905 [INFO] ThirdParty:1030 - CMSIS Pack Vendor :STMicroelectronics FP-ATR-ASTRA1 2.0.1
2024-11-17 11:32:33,905 [INFO] ThirdParty:1030 - CMSIS Pack Vendor :quantropi X-CUBE-qispace-sdk-base 1.9.3
2024-11-17 11:32:33,905 [INFO] LoadServerUpdatesThread:375 - End of LoadServerUpdate Thread
2024-11-17 11:32:34,501 [INFO] CheckServerUpdateThread:120 - End of CheckServer Thread
2024-11-17 11:33:27,809 [INFO] WebApp:189 - Connection lost
2024-11-17 11:33:28,341 [INFO] WebApp:186 - Connection restablished
2024-11-17 12:10:40,004 [INFO] WebApp:189 - Connection lost
2024-11-17 12:10:40,311 [INFO] WebApp:186 - Connection restablished
2024-11-17 12:20:57,537 [INFO] WebApp:189 - Connection lost
2024-11-17 12:20:57,763 [INFO] WebApp:186 - Connection restablished
2024-11-17 12:21:39,492 [INFO] WebApp:189 - Connection lost
2024-11-17 12:21:39,736 [INFO] WebApp:186 - Connection restablished
2024-11-17 12:26:04,970 [INFO] WebApp:189 - Connection lost
2024-11-17 12:26:05,248 [INFO] WebApp:186 - Connection restablished
2024-11-17 13:01:15,944 [INFO] WebApp:189 - Connection lost
2024-11-17 13:01:16,313 [INFO] WebApp:186 - Connection restablished
2024-11-17 13:01:23,532 [INFO] WebApp:189 - Connection lost
2024-11-17 13:01:23,744 [INFO] WebApp:186 - Connection restablished
2024-11-17 13:30:51,224 [INFO] WebApp:189 - Connection lost
2024-11-17 13:30:51,848 [INFO] WebApp:186 - Connection restablished
2024-11-17 13:30:55,172 [INFO] WebApp:189 - Connection lost
2024-11-17 13:30:55,424 [INFO] WebApp:186 - Connection restablished
2024-11-17 13:30:57,963 [INFO] WebApp:189 - Connection lost
2024-11-17 13:30:58,169 [INFO] WebApp:186 - Connection restablished
2024-11-17 16:21:25,123 [INFO] WebApp:189 - Connection lost
2024-11-17 16:21:51,693 [INFO] WebApp:186 - Connection restablished
2024-11-17 16:21:54,638 [INFO] WebApp:189 - Connection lost
2024-11-17 16:21:54,906 [INFO] WebApp:186 - Connection restablished
2024-11-17 16:27:03,022 [INFO] WebApp:189 - Connection lost
2024-11-17 16:29:49,481 [ERROR] ConfigurationRetriever:142 - IOException on connection: sw-center.st.com
2024-11-17 16:29:49,483 [ERROR] ConfigurationRetriever:142 - IOException on connection: sw-center.st.com
2024-11-17 16:29:49,484 [ERROR] ConfigurationRetriever:142 - IOException on connection: sw-center.st.com
2024-11-17 16:30:21,721 [INFO] WebApp:186 - Connection restablished
2024-11-17 16:30:24,328 [INFO] WebApp:189 - Connection lost
2024-11-17 16:30:24,538 [INFO] WebApp:186 - Connection restablished
2024-11-17 17:27:36,639 [INFO] WebApp:189 - Connection lost
2024-11-17 17:27:36,918 [INFO] WebApp:186 - Connection restablished
2024-11-17 17:27:39,281 [INFO] WebApp:189 - Connection lost
2024-11-17 17:27:39,481 [INFO] WebApp:186 - Connection restablished
2024-11-17 17:50:54,944 [INFO] WebApp:189 - Connection lost
2024-11-17 17:50:55,168 [INFO] WebApp:186 - Connection restablished
2024-11-17 18:05:11,495 [INFO] WebApp:189 - Connection lost
2024-11-17 18:05:11,731 [INFO] WebApp:186 - Connection restablished
2024-11-17 18:49:35,955 [INFO] WebApp:189 - Connection lost
2024-11-17 18:49:36,167 [INFO] WebApp:186 - Connection restablished
